<?xml version="1.0" encoding="UTF-8"?>
<!-- Generated by org.testng.reporters.JUnitReportReporter -->
<testsuite hostname="FACULTY-3F-1G" failures="0" tests="1" name="testScript.CreateCustomer" time="16.086" errors="0" timestamp="2022-04-12T12:28:09 IST" skipped="0">
  <testcase classname="testScript.CreateCustomer" name="createCustomer" time="16.086"/>
  <system-out/>
</testsuite> <!-- testScript.CreateCustomer -->
